<?xml version="1.0" encoding="UTF-8"?>
<!-- Generated by org.testng.reporters.JUnitXMLReporter -->
<testsuite ignored="6" hostname="LAPTOP-IKEOPR74" failures="0" tests="3" name="Default test" time="33.228" errors="0" timestamp="2022-04-28T21:35:33 IST">
  <testcase classname="tests.Test_Login" name="test_invalidCaptchaCode" time="3.781"/>
  <testcase classname="tests.Test_Login" name="test_invalidCaptchaCode" time="3.874"/>
  <testcase classname="tests.Test_Login" name="test_invalidCaptchaCode" time="3.642"/>
  <testcase classname="tests.Test_Login" name="test_invalidCaptcha" time="0.0">
    <ignored/>
  </testcase> <!-- test_invalidCaptcha -->
  <testcase classname="tests.Test_Login" name="test_blankUserId" time="0.0">
    <ignored/>
  </testcase> <!-- test_blankUserId -->
  <testcase classname="tests.Test_Login" name="test_equalArray" time="0.0">
    <ignored/>
  </testcase> <!-- test_equalArray -->
  <testcase classname="tests.Test_Login" name="test_blankPassword" time="0.0">
    <ignored/>
  </testcase> <!-- test_blankPassword -->
  <testcase classname="tests.Test_Login" name="test_pageDetails" time="0.0">
    <ignored/>
  </testcase> <!-- test_pageDetails -->
  <testcase classname="tests.Test_Login" name="test_blankCaptcha" time="0.0">
    <ignored/>
  </testcase> <!-- test_blankCaptcha -->
</testsuite> <!-- Default test -->
