<?xml version="1.0" encoding="UTF-8"?>
<!-- Generated by org.testng.reporters.JUnitXMLReporter -->
<testsuite ignored="1" hostname="LAPTOP-IKEOPR74" failures="0" tests="16" name="Default test" time="117.018" errors="0" timestamp="2022-04-28T21:54:36 IST">
  <testcase classname="tests.Test_Login" name="test_pageDetails" time="0.045"/>
  <testcase classname="tests.Test_Login" name="test_blankUserId" time="0.644"/>
  <testcase classname="tests.Test_Login" name="test_blankUserId" time="0.489"/>
  <testcase classname="tests.Test_Login" name="test_blankUserId" time="0.501"/>
  <testcase classname="tests.Test_Login" name="test_blankPassword" time="0.532"/>
  <testcase classname="tests.Test_Login" name="test_blankPassword" time="0.509"/>
  <testcase classname="tests.Test_Login" name="test_blankPassword" time="0.466"/>
  <testcase classname="tests.Test_Login" name="test_blankCaptcha" time="0.56"/>
  <testcase classname="tests.Test_Login" name="test_blankCaptcha" time="0.6"/>
  <testcase classname="tests.Test_Login" name="test_blankCaptcha" time="0.496"/>
  <testcase classname="tests.Test_Login" name="test_invalidCaptcha" time="0.999"/>
  <testcase classname="tests.Test_Login" name="test_invalidCaptcha" time="0.981"/>
  <testcase classname="tests.Test_Login" name="test_invalidCaptcha" time="0.964"/>
  <testcase classname="tests.Test_Login" name="test_invalidCaptchaCode" time="3.922"/>
  <testcase classname="tests.Test_Login" name="test_invalidCaptchaCode" time="4.157"/>
  <testcase classname="tests.Test_Login" name="test_invalidCaptchaCode" time="3.909"/>
  <testcase classname="tests.Test_Login" name="test_equalArray" time="0.0">
    <ignored/>
  </testcase> <!-- test_equalArray -->
</testsuite> <!-- Default test -->
