<?xml version="1.0" encoding="UTF-8"?>
<testng-results ignored="6" total="9" passed="3" failed="0" skipped="0">
  <reporter-output>
  </reporter-output>
  <suite started-at="2022-04-28T21:35:00 IST" name="Default suite" finished-at="2022-04-28T21:35:33 IST" duration-ms="33228">
    <groups>
      <group name="validation">
        <method signature="Test_Login.test_invalidCaptchaCode(java.lang.String,java.lang.String,java.lang.String)[pri:5, instance:tests.Test_Login@9597028]" name="test_invalidCaptchaCode" class="tests.Test_Login"/>
      </group> <!-- validation -->
    </groups>
    <test started-at="2022-04-28T21:35:00 IST" name="Default test" finished-at="2022-04-28T21:35:33 IST" duration-ms="33228">
      <class name="tests.Test_Login">
        <test-method is-config="true" signature="beforeClass()[pri:0, instance:tests.Test_Login@9597028]" started-at="2022-04-28T21:35:00 IST" name="beforeClass" finished-at="2022-04-28T21:35:00 IST" duration-ms="553" status="PASS">
          <reporter-output>
          </reporter-output>
        </test-method> <!-- beforeClass -->
        <test-method is-config="true" signature="beforeMethod(java.lang.String)[pri:0, instance:tests.Test_Login@9597028]" started-at="2022-04-28T21:35:00 IST" name="beforeMethod" finished-at="2022-04-28T21:35:09 IST" duration-ms="8560" status="PASS">
          <params>
            <param index="0">
              <value>
                <![CDATA[chrome]]>
              </value>
            </param>
          </params>
          <reporter-output>
          </reporter-output>
        </test-method> <!-- beforeMethod -->
        <test-method signature="test_invalidCaptchaCode(java.lang.String,java.lang.String,java.lang.String)[pri:5, instance:tests.Test_Login@9597028]" started-at="2022-04-28T21:35:09 IST" name="test_invalidCaptchaCode" data-provider="invalidCaptchaCode" finished-at="2022-04-28T21:35:13 IST" duration-ms="3781" status="PASS">
          <params>
            <param index="0">
              <value>
                <![CDATA[sugat123]]>
              </value>
            </param>
            <param index="1">
              <value>
                <![CDATA[sugat123]]>
              </value>
            </param>
            <param index="2">
              <value>
                <![CDATA[XDKD01]]>
              </value>
            </param>
          </params>
          <reporter-output>
          </reporter-output>
        </test-method> <!-- test_invalidCaptchaCode -->
        <test-method is-config="true" signature="afterMethod()[pri:0, instance:tests.Test_Login@9597028]" started-at="2022-04-28T21:35:13 IST" name="afterMethod" finished-at="2022-04-28T21:35:13 IST" duration-ms="585" status="PASS">
          <reporter-output>
          </reporter-output>
        </test-method> <!-- afterMethod -->
        <test-method is-config="true" signature="beforeMethod(java.lang.String)[pri:0, instance:tests.Test_Login@9597028]" started-at="2022-04-28T21:35:13 IST" name="beforeMethod" finished-at="2022-04-28T21:35:16 IST" duration-ms="2579" status="PASS">
          <params>
            <param index="0">
              <value>
                <![CDATA[chrome]]>
              </value>
            </param>
          </params>
          <reporter-output>
          </reporter-output>
        </test-method> <!-- beforeMethod -->
        <test-method signature="test_invalidCaptchaCode(java.lang.String,java.lang.String,java.lang.String)[pri:5, instance:tests.Test_Login@9597028]" started-at="2022-04-28T21:35:16 IST" name="test_invalidCaptchaCode" data-provider="invalidCaptchaCode" finished-at="2022-04-28T21:35:20 IST" duration-ms="3874" status="PASS">
          <params>
            <param index="0">
              <value>
                <![CDATA[sugat123]]>
              </value>
            </param>
            <param index="1">
              <value>
                <![CDATA[sugat123]]>
              </value>
            </param>
            <param index="2">
              <value>
                <![CDATA[AD11D1]]>
              </value>
            </param>
          </params>
          <reporter-output>
          </reporter-output>
        </test-method> <!-- test_invalidCaptchaCode -->
        <test-method is-config="true" signature="afterMethod()[pri:0, instance:tests.Test_Login@9597028]" started-at="2022-04-28T21:35:20 IST" name="afterMethod" finished-at="2022-04-28T21:35:20 IST" duration-ms="592" status="PASS">
          <reporter-output>
          </reporter-output>
        </test-method> <!-- afterMethod -->
        <test-method is-config="true" signature="beforeMethod(java.lang.String)[pri:0, instance:tests.Test_Login@9597028]" started-at="2022-04-28T21:35:20 IST" name="beforeMethod" finished-at="2022-04-28T21:35:28 IST" duration-ms="7902" status="PASS">
          <params>
            <param index="0">
              <value>
                <![CDATA[chrome]]>
              </value>
            </param>
          </params>
          <reporter-output>
          </reporter-output>
        </test-method> <!-- beforeMethod -->
        <test-method signature="test_invalidCaptchaCode(java.lang.String,java.lang.String,java.lang.String)[pri:5, instance:tests.Test_Login@9597028]" started-at="2022-04-28T21:35:28 IST" name="test_invalidCaptchaCode" data-provider="invalidCaptchaCode" finished-at="2022-04-28T21:35:32 IST" duration-ms="3642" status="PASS">
          <params>
            <param index="0">
              <value>
                <![CDATA[sugat123]]>
              </value>
            </param>
            <param index="1">
              <value>
                <![CDATA[sugat123]]>
              </value>
            </param>
            <param index="2">
              <value>
                <![CDATA[22KD33]]>
              </value>
            </param>
          </params>
          <reporter-output>
          </reporter-output>
        </test-method> <!-- test_invalidCaptchaCode -->
        <test-method is-config="true" signature="afterMethod()[pri:0, instance:tests.Test_Login@9597028]" started-at="2022-04-28T21:35:32 IST" name="afterMethod" finished-at="2022-04-28T21:35:32 IST" duration-ms="577" status="PASS">
          <reporter-output>
          </reporter-output>
        </test-method> <!-- afterMethod -->
        <test-method is-config="true" signature="afterClass()[pri:0, instance:tests.Test_Login@9597028]" started-at="2022-04-28T21:35:32 IST" name="afterClass" finished-at="2022-04-28T21:35:33 IST" duration-ms="478" status="PASS">
          <reporter-output>
          </reporter-output>
        </test-method> <!-- afterClass -->
      </class> <!-- tests.Test_Login -->
    </test> <!-- Default test -->
  </suite> <!-- Default suite -->
</testng-results>
