<?xml version="1.0" encoding="UTF-8"?>
<testng-results ignored="0" total="2" passed="2" failed="0" skipped="0">
  <reporter-output>
  </reporter-output>
  <suite started-at="2022-04-24T19:30:00 IST" name="Default suite" finished-at="2022-04-24T19:30:01 IST" duration-ms="644">
    <groups>
    </groups>
    <test started-at="2022-04-24T19:30:00 IST" name="Default test" finished-at="2022-04-24T19:30:01 IST" duration-ms="644">
      <class name="tests.TestExtentReport">
        <test-method is-config="true" signature="beforeClass()[pri:0, instance:tests.TestExtentReport@74fe5c40]" started-at="2022-04-24T19:30:00 IST" name="beforeClass" finished-at="2022-04-24T19:30:00 IST" duration-ms="262" status="PASS">
          <reporter-output>
          </reporter-output>
        </test-method> <!-- beforeClass -->
        <test-method is-config="true" signature="beforeMethod()[pri:0, instance:tests.TestExtentReport@74fe5c40]" started-at="2022-04-24T19:30:00 IST" name="beforeMethod" finished-at="2022-04-24T19:30:00 IST" duration-ms="3" status="PASS">
          <reporter-output>
          </reporter-output>
        </test-method> <!-- beforeMethod -->
        <test-method signature="test1()[pri:0, instance:tests.TestExtentReport@74fe5c40]" started-at="2022-04-24T19:30:00 IST" name="test1" finished-at="2022-04-24T19:30:00 IST" duration-ms="4" status="PASS">
          <reporter-output>
          </reporter-output>
        </test-method> <!-- test1 -->
        <test-method is-config="true" signature="afterMethod()[pri:0, instance:tests.TestExtentReport@74fe5c40]" started-at="2022-04-24T19:30:00 IST" name="afterMethod" finished-at="2022-04-24T19:30:00 IST" duration-ms="1" status="PASS">
          <reporter-output>
          </reporter-output>
        </test-method> <!-- afterMethod -->
        <test-method is-config="true" signature="beforeMethod()[pri:0, instance:tests.TestExtentReport@74fe5c40]" started-at="2022-04-24T19:30:00 IST" name="beforeMethod" finished-at="2022-04-24T19:30:00 IST" duration-ms="0" status="PASS">
          <reporter-output>
          </reporter-output>
        </test-method> <!-- beforeMethod -->
        <test-method signature="test2()[pri:0, instance:tests.TestExtentReport@74fe5c40]" started-at="2022-04-24T19:30:00 IST" name="test2" finished-at="2022-04-24T19:30:00 IST" duration-ms="2" status="PASS">
          <reporter-output>
          </reporter-output>
        </test-method> <!-- test2 -->
        <test-method is-config="true" signature="afterMethod()[pri:0, instance:tests.TestExtentReport@74fe5c40]" started-at="2022-04-24T19:30:00 IST" name="afterMethod" finished-at="2022-04-24T19:30:00 IST" duration-ms="0" status="PASS">
          <reporter-output>
          </reporter-output>
        </test-method> <!-- afterMethod -->
        <test-method is-config="true" signature="afterClass()[pri:0, instance:tests.TestExtentReport@74fe5c40]" started-at="2022-04-24T19:30:00 IST" name="afterClass" finished-at="2022-04-24T19:30:01 IST" duration-ms="337" status="PASS">
          <reporter-output>
          </reporter-output>
        </test-method> <!-- afterClass -->
      </class> <!-- tests.TestExtentReport -->
    </test> <!-- Default test -->
  </suite> <!-- Default suite -->
</testng-results>
