<?xml version="1.0" encoding="UTF-8"?>
<!-- Generated by org.testng.reporters.JUnitXMLReporter -->
<testsuite ignored="2" hostname="LAPTOP-IKEOPR74" failures="0" tests="15" name="LoginTest_Chrome" time="54.436" errors="0" timestamp="2022-04-24T15:22:55 IST">
  <testcase classname="tests.Test_Login" name="test_blankUserId" time="0.344"/>
  <testcase classname="tests.Test_Login" name="test_blankUserId" time="0.294"/>
  <testcase classname="tests.Test_Login" name="test_blankUserId" time="0.236"/>
  <testcase classname="tests.Test_Login" name="test_blankPassword" time="0.267"/>
  <testcase classname="tests.Test_Login" name="test_blankPassword" time="0.311"/>
  <testcase classname="tests.Test_Login" name="test_blankPassword" time="0.265"/>
  <testcase classname="tests.Test_Login" name="test_blankCaptcha" time="0.27"/>
  <testcase classname="tests.Test_Login" name="test_blankCaptcha" time="0.277"/>
  <testcase classname="tests.Test_Login" name="test_blankCaptcha" time="0.241"/>
  <testcase classname="tests.Test_Login" name="test_invalidCaptcha" time="0.28"/>
  <testcase classname="tests.Test_Login" name="test_invalidCaptcha" time="0.331"/>
  <testcase classname="tests.Test_Login" name="test_invalidCaptcha" time="0.249"/>
  <testcase classname="tests.Test_Login" name="test_invalidCaptchaCode" time="3.614"/>
  <testcase classname="tests.Test_Login" name="test_invalidCaptchaCode" time="3.563"/>
  <testcase classname="tests.Test_Login" name="test_invalidCaptchaCode" time="3.551"/>
  <testcase classname="tests.Test_Login" name="test_equalArray" time="0.0">
    <ignored/>
  </testcase> <!-- test_equalArray -->
  <testcase classname="tests.Test_Login" name="test_pageDetails" time="0.0">
    <ignored/>
  </testcase> <!-- test_pageDetails -->
</testsuite> <!-- LoginTest_Chrome -->
