<?xml version="1.0" encoding="UTF-8"?>
<!-- Generated by org.testng.reporters.JUnitXMLReporter -->
<testsuite ignored="1" hostname="LAPTOP-IKEOPR74" failures="0" tests="16" name="LoginTest_Firefox" time="91.334" errors="0" timestamp="2022-04-24T15:24:26 IST">
  <testcase classname="tests.Test_Login" name="test_pageDetails" time="0.013"/>
  <testcase classname="tests.Test_Login" name="test_blankUserId" time="0.349"/>
  <testcase classname="tests.Test_Login" name="test_blankUserId" time="0.391"/>
  <testcase classname="tests.Test_Login" name="test_blankUserId" time="0.422"/>
  <testcase classname="tests.Test_Login" name="test_blankPassword" time="0.451"/>
  <testcase classname="tests.Test_Login" name="test_blankPassword" time="0.432"/>
  <testcase classname="tests.Test_Login" name="test_blankPassword" time="0.384"/>
  <testcase classname="tests.Test_Login" name="test_blankCaptcha" time="0.478"/>
  <testcase classname="tests.Test_Login" name="test_blankCaptcha" time="0.439"/>
  <testcase classname="tests.Test_Login" name="test_blankCaptcha" time="0.407"/>
  <testcase classname="tests.Test_Login" name="test_invalidCaptcha" time="0.871"/>
  <testcase classname="tests.Test_Login" name="test_invalidCaptcha" time="0.873"/>
  <testcase classname="tests.Test_Login" name="test_invalidCaptcha" time="0.854"/>
  <testcase classname="tests.Test_Login" name="test_invalidCaptchaCode" time="3.698"/>
  <testcase classname="tests.Test_Login" name="test_invalidCaptchaCode" time="3.629"/>
  <testcase classname="tests.Test_Login" name="test_invalidCaptchaCode" time="3.636"/>
  <testcase classname="tests.Test_Login" name="test_equalArray" time="0.0">
    <ignored/>
  </testcase> <!-- test_equalArray -->
</testsuite> <!-- LoginTest_Firefox -->
